1601925218040	mozrunner::runner	INFO	Running command: "/usr/bin/firefox" "-marionette" "-foreground" "-no-remote" "-profile" "/tmp/rust_mozprofileG8JfOu"
1601925223510	addons.webextension.screenshots@mozilla.org	WARN	Loading extension 'screenshots@mozilla.org': Reading manifest: Invalid extension permission: mozillaAddons
1601925223510	addons.webextension.screenshots@mozilla.org	WARN	Loading extension 'screenshots@mozilla.org': Reading manifest: Invalid extension permission: telemetry
1601925223510	addons.webextension.screenshots@mozilla.org	WARN	Loading extension 'screenshots@mozilla.org': Reading manifest: Invalid extension permission: resource://pdf.js/
1601925223511	addons.webextension.screenshots@mozilla.org	WARN	Loading extension 'screenshots@mozilla.org': Reading manifest: Invalid extension permission: about:reader*
JavaScript error: undefined, line 14: Error: An unexpected error occurred
JavaScript error: moz-extension://d3fc3b93-e7db-4888-8703-7331b78b366c/lib/picture_in_picture_overrides.js, line 15: Error: Incorrect argument types for pictureInPictureParent.setOverrides.
JavaScript error: resource:///modules/sessionstore/SessionStore.jsm, line 1325: uncaught exception: 2147746065
1601925240898	Marionette	INFO	Listening on port 43369
1601925243887	Marionette	WARN	TLS certificate errors will be ignored for this session
JavaScript warning: https://web.telegram.org/js/app.js, line 20: TypeError: asm.js type error: duplicate name 'n' not allowed
JavaScript warning: https://web.telegram.org/js/app.js, line 31: TypeError: asm.js type error: numeric literal out of representable integer range
JavaScript warning: https://web.telegram.org/js/app.js, line 36: TypeError: asm.js type error: fixnum is not a subtype of double? or floatish
JavaScript warning: https://web.telegram.org/js/app.js, line 53: TypeError: asm.js type error: double is not a subtype of int
1601925289416	Marionette	INFO	Stopped listening on port 43369
1601925299725	mozrunner::runner	INFO	Running command: "/usr/bin/firefox" "-marionette" "-foreground" "-no-remote" "-profile" "/tmp/rust_mozprofileTn4R3x"
1601925307692	addons.webextension.screenshots@mozilla.org	WARN	Loading extension 'screenshots@mozilla.org': Reading manifest: Invalid extension permission: mozillaAddons
1601925307693	addons.webextension.screenshots@mozilla.org	WARN	Loading extension 'screenshots@mozilla.org': Reading manifest: Invalid extension permission: telemetry
1601925307694	addons.webextension.screenshots@mozilla.org	WARN	Loading extension 'screenshots@mozilla.org': Reading manifest: Invalid extension permission: resource://pdf.js/
1601925307694	addons.webextension.screenshots@mozilla.org	WARN	Loading extension 'screenshots@mozilla.org': Reading manifest: Invalid extension permission: about:reader*
JavaScript error: undefined, line 14: Error: An unexpected error occurred
JavaScript error: moz-extension://0e9fd47f-cc91-4c53-970b-8fb1fee3966e/lib/picture_in_picture_overrides.js, line 15: Error: Incorrect argument types for pictureInPictureParent.setOverrides.
JavaScript error: resource:///modules/sessionstore/SessionStore.jsm, line 1325: uncaught exception: 2147746065
1601925315815	Marionette	INFO	Listening on port 33189
1601925316118	Marionette	WARN	TLS certificate errors will be ignored for this session

(/usr/lib/firefox-esr/firefox-esr:7944): dconf-WARNING **: 22:15:26.643: Unable to open /var/lib/snapd/desktop/dconf/profile/user: Отказано в доступе

###!!! [Child][RunMessage] Error: Channel closing: too late to send/recv, messages will be lost

1601925435172	Marionette	INFO	Stopped listening on port 33189
1601925443054	mozrunner::runner	INFO	Running command: "/usr/bin/firefox" "-marionette" "-foreground" "-no-remote" "-profile" "/tmp/rust_mozprofileRu66tv"
1601925447534	addons.webextension.screenshots@mozilla.org	WARN	Loading extension 'screenshots@mozilla.org': Reading manifest: Invalid extension permission: mozillaAddons
1601925447535	addons.webextension.screenshots@mozilla.org	WARN	Loading extension 'screenshots@mozilla.org': Reading manifest: Invalid extension permission: telemetry
1601925447535	addons.webextension.screenshots@mozilla.org	WARN	Loading extension 'screenshots@mozilla.org': Reading manifest: Invalid extension permission: resource://pdf.js/
1601925447535	addons.webextension.screenshots@mozilla.org	WARN	Loading extension 'screenshots@mozilla.org': Reading manifest: Invalid extension permission: about:reader*
JavaScript error: undefined, line 14: Error: An unexpected error occurred
JavaScript error: moz-extension://08f52df4-d550-470b-972a-eb9e63f62609/lib/picture_in_picture_overrides.js, line 15: Error: Incorrect argument types for pictureInPictureParent.setOverrides.
JavaScript error: resource:///modules/sessionstore/SessionStore.jsm, line 1325: uncaught exception: 2147746065
1601925457111	Marionette	INFO	Listening on port 44031
1601925457210	Marionette	WARN	TLS certificate errors will be ignored for this session

###!!! [Child][RunMessage] Error: Channel closing: too late to send/recv, messages will be lost


###!!! [Child][MessageChannel] Error: (msgtype=0x53000D,name=PHttpChannel::Msg_RemoveCorsPreflightCacheEntry) Closed channel: cannot send/recv


###!!! [Child][MessageChannel] Error: (msgtype=0x530005,name=PHttpChannel::Msg_Cancel) Closed channel: cannot send/recv

[Parent 8074, Gecko_IOThread] WARNING: pipe error (58): Соединение разорвано другой стороной: file /build/firefox-esr-6uO2g7/firefox-esr-68.11.0esr/ipc/chromium/src/chrome/common/ipc_channel_posix.cc, line 358
1601925556532	Marionette	INFO	Stopped listening on port 44031
1602186242257	mozrunner::runner	INFO	Running command: "/usr/bin/firefox" "-marionette" "-foreground" "-no-remote" "-profile" "/tmp/rust_mozprofileBPcI00"
1602186248879	addons.webextension.screenshots@mozilla.org	WARN	Loading extension 'screenshots@mozilla.org': Reading manifest: Invalid extension permission: mozillaAddons
1602186248879	addons.webextension.screenshots@mozilla.org	WARN	Loading extension 'screenshots@mozilla.org': Reading manifest: Invalid extension permission: telemetry
1602186248880	addons.webextension.screenshots@mozilla.org	WARN	Loading extension 'screenshots@mozilla.org': Reading manifest: Invalid extension permission: resource://pdf.js/
1602186248880	addons.webextension.screenshots@mozilla.org	WARN	Loading extension 'screenshots@mozilla.org': Reading manifest: Invalid extension permission: about:reader*
JavaScript error: undefined, line 14: Error: An unexpected error occurred
JavaScript error: moz-extension://bdb9b120-8dcf-4dc1-b61a-9c546b625656/lib/picture_in_picture_overrides.js, line 15: Error: Incorrect argument types for pictureInPictureParent.setOverrides.
JavaScript error: resource:///modules/sessionstore/SessionStore.jsm, line 1325: uncaught exception: 2147746065
1602186257180	Marionette	INFO	Listening on port 37325
1602186257244	Marionette	WARN	TLS certificate errors will be ignored for this session

###!!! [Child][MessageChannel] Error: (msgtype=0x53000D,name=PHttpChannel::Msg_RemoveCorsPreflightCacheEntry) Closed channel: cannot send/recv


###!!! [Child][MessageChannel] Error: (msgtype=0x530005,name=PHttpChannel::Msg_Cancel) Closed channel: cannot send/recv


###!!! [Child][MessageChannel] Error: (msgtype=0x53000D,name=PHttpChannel::Msg_RemoveCorsPreflightCacheEntry) Closed channel: cannot send/recv


###!!! [Child][MessageChannel] Error: (msgtype=0x530005,name=PHttpChannel::Msg_Cancel) Closed channel: cannot send/recv

[Parent 1915, Gecko_IOThread] WARNING: pipe error (136): Соединение разорвано другой стороной: file /build/firefox-esr-6uO2g7/firefox-esr-68.11.0esr/ipc/chromium/src/chrome/common/ipc_channel_posix.cc, line 358
1602186350449	Marionette	INFO	Stopped listening on port 37325
1602187424430	mozrunner::runner	INFO	Running command: "/usr/bin/firefox" "-marionette" "-foreground" "-no-remote" "-profile" "/tmp/rust_mozprofileL6RVVq"
1602187426031	addons.webextension.screenshots@mozilla.org	WARN	Loading extension 'screenshots@mozilla.org': Reading manifest: Invalid extension permission: mozillaAddons
1602187426032	addons.webextension.screenshots@mozilla.org	WARN	Loading extension 'screenshots@mozilla.org': Reading manifest: Invalid extension permission: telemetry
1602187426032	addons.webextension.screenshots@mozilla.org	WARN	Loading extension 'screenshots@mozilla.org': Reading manifest: Invalid extension permission: resource://pdf.js/
1602187426032	addons.webextension.screenshots@mozilla.org	WARN	Loading extension 'screenshots@mozilla.org': Reading manifest: Invalid extension permission: about:reader*
JavaScript error: undefined, line 14: Error: An unexpected error occurred
JavaScript error: moz-extension://cfc928f2-fc45-44e7-866b-e9855a7238e8/lib/picture_in_picture_overrides.js, line 15: Error: Incorrect argument types for pictureInPictureParent.setOverrides.
JavaScript error: resource:///modules/sessionstore/SessionStore.jsm, line 1325: uncaught exception: 2147746065
1602187430308	Marionette	INFO	Listening on port 36503
1602187430355	Marionette	WARN	TLS certificate errors will be ignored for this session

###!!! [Child][MessageChannel] Error: (msgtype=0x53000D,name=PHttpChannel::Msg_RemoveCorsPreflightCacheEntry) Closed channel: cannot send/recv


###!!! [Child][MessageChannel] Error: (msgtype=0x530005,name=PHttpChannel::Msg_Cancel) Closed channel: cannot send/recv

[Parent 2603, Gecko_IOThread] WARNING: pipe error (88): Соединение разорвано другой стороной: file /build/firefox-esr-6uO2g7/firefox-esr-68.11.0esr/ipc/chromium/src/chrome/common/ipc_channel_posix.cc, line 358
[Parent 2603, Gecko_IOThread] WARNING: pipe error (121): Соединение разорвано другой стороной: file /build/firefox-esr-6uO2g7/firefox-esr-68.11.0esr/ipc/chromium/src/chrome/common/ipc_channel_posix.cc, line 358
1602187437268	Marionette	INFO	Stopped listening on port 36503
1602187460264	mozrunner::runner	INFO	Running command: "/usr/bin/firefox" "-marionette" "-foreground" "-no-remote" "-profile" "/tmp/rust_mozprofilet7Bd4k"
1602187461524	addons.webextension.screenshots@mozilla.org	WARN	Loading extension 'screenshots@mozilla.org': Reading manifest: Invalid extension permission: mozillaAddons
1602187461524	addons.webextension.screenshots@mozilla.org	WARN	Loading extension 'screenshots@mozilla.org': Reading manifest: Invalid extension permission: telemetry
1602187461524	addons.webextension.screenshots@mozilla.org	WARN	Loading extension 'screenshots@mozilla.org': Reading manifest: Invalid extension permission: resource://pdf.js/
1602187461525	addons.webextension.screenshots@mozilla.org	WARN	Loading extension 'screenshots@mozilla.org': Reading manifest: Invalid extension permission: about:reader*
JavaScript error: undefined, line 14: Error: An unexpected error occurred
JavaScript error: moz-extension://8e4a6c81-6fbc-47d5-904c-b3059d0f9810/lib/picture_in_picture_overrides.js, line 15: Error: Incorrect argument types for pictureInPictureParent.setOverrides.
JavaScript error: resource:///modules/sessionstore/SessionStore.jsm, line 1325: uncaught exception: 2147746065
1602187465838	Marionette	INFO	Listening on port 39687
1602187465888	Marionette	WARN	TLS certificate errors will be ignored for this session
1602187553846	mozrunner::runner	INFO	Running command: "/usr/bin/firefox" "-marionette" "-foreground" "-no-remote" "-profile" "/tmp/rust_mozprofileivelQf"
1602187555172	addons.webextension.screenshots@mozilla.org	WARN	Loading extension 'screenshots@mozilla.org': Reading manifest: Invalid extension permission: mozillaAddons
1602187555173	addons.webextension.screenshots@mozilla.org	WARN	Loading extension 'screenshots@mozilla.org': Reading manifest: Invalid extension permission: telemetry
1602187555173	addons.webextension.screenshots@mozilla.org	WARN	Loading extension 'screenshots@mozilla.org': Reading manifest: Invalid extension permission: resource://pdf.js/
1602187555173	addons.webextension.screenshots@mozilla.org	WARN	Loading extension 'screenshots@mozilla.org': Reading manifest: Invalid extension permission: about:reader*
JavaScript error: undefined, line 14: Error: An unexpected error occurred
JavaScript error: moz-extension://bda3ba98-4d29-40bd-8f5c-22b440daec27/lib/picture_in_picture_overrides.js, line 15: Error: Incorrect argument types for pictureInPictureParent.setOverrides.
JavaScript error: resource:///modules/sessionstore/SessionStore.jsm, line 1325: uncaught exception: 2147746065
1602187561295	Marionette	INFO	Listening on port 42721
1602187561374	Marionette	WARN	TLS certificate errors will be ignored for this session

(/usr/lib/firefox-esr/firefox-esr:3056): dconf-WARNING **: 23:06:04.757: Unable to open /var/lib/snapd/desktop/dconf/profile/user: Отказано в доступе
JavaScript error: https://www.instagram.com/static/bundles/metro/ConsumerLibCommons.js/70c3711e7897.js, line 126: NotFoundError: The operation failed because the requested database object could not be found. For example, an object store did not exist but was being opened.
JavaScript error: https://www.instagram.com/static/bundles/metro/ConsumerLibCommons.js/70c3711e7897.js, line 126: NotFoundError: The operation failed because the requested database object could not be found. For example, an object store did not exist but was being opened.

###!!! [Child][MessageChannel] Error: (msgtype=0x53000D,name=PHttpChannel::Msg_RemoveCorsPreflightCacheEntry) Closed channel: cannot send/recv


###!!! [Child][MessageChannel] Error: (msgtype=0x530005,name=PHttpChannel::Msg_Cancel) Closed channel: cannot send/recv


###!!! [Child][MessageChannel] Error: (msgtype=0x53000D,name=PHttpChannel::Msg_RemoveCorsPreflightCacheEntry) Closed channel: cannot send/recv


###!!! [Child][MessageChannel] Error: (msgtype=0x530005,name=PHttpChannel::Msg_Cancel) Closed channel: cannot send/recv

1602187591981	Marionette	INFO	Stopped listening on port 42721

###!!! [Child][MessageChannel] Error: (msgtype=0x53000D,name=PHttpChannel::Msg_RemoveCorsPreflightCacheEntry) Closed channel: cannot send/recv


###!!! [Child][MessageChannel] Error: (msgtype=0x530005,name=PHttpChannel::Msg_Cancel) Closed channel: cannot send/recv

[Parent 2784, Gecko_IOThread] WARNING: pipe error (129): Соединение разорвано другой стороной: file /build/firefox-esr-6uO2g7/firefox-esr-68.11.0esr/ipc/chromium/src/chrome/common/ipc_channel_posix.cc, line 358
1602187605655	Marionette	INFO	Stopped listening on port 39687
1602272090667	mozrunner::runner	INFO	Running command: "/usr/bin/firefox" "-marionette" "-foreground" "-no-remote" "-profile" "/tmp/rust_mozprofileW37NKT"
1602272095791	addons.webextension.screenshots@mozilla.org	WARN	Loading extension 'screenshots@mozilla.org': Reading manifest: Invalid extension permission: mozillaAddons
1602272095792	addons.webextension.screenshots@mozilla.org	WARN	Loading extension 'screenshots@mozilla.org': Reading manifest: Invalid extension permission: telemetry
1602272095792	addons.webextension.screenshots@mozilla.org	WARN	Loading extension 'screenshots@mozilla.org': Reading manifest: Invalid extension permission: resource://pdf.js/
1602272095793	addons.webextension.screenshots@mozilla.org	WARN	Loading extension 'screenshots@mozilla.org': Reading manifest: Invalid extension permission: about:reader*
JavaScript error: undefined, line 14: Error: An unexpected error occurred
JavaScript error: moz-extension://5e21f178-a535-44be-90e2-1f87894ab038/lib/picture_in_picture_overrides.js, line 15: Error: Incorrect argument types for pictureInPictureParent.setOverrides.
JavaScript error: resource:///modules/sessionstore/SessionStore.jsm, line 1325: uncaught exception: 2147746065
1602272107422	Marionette	INFO	Listening on port 40265
1602272107473	Marionette	WARN	TLS certificate errors will be ignored for this session

(/usr/lib/firefox-esr/firefox-esr:3322): dconf-WARNING **: 22:35:11.680: Unable to open /var/lib/snapd/desktop/dconf/profile/user: Отказано в доступе

###!!! [Child][MessageChannel] Error: (msgtype=0x53000D,name=PHttpChannel::Msg_RemoveCorsPreflightCacheEntry) Closed channel: cannot send/recv


###!!! [Child][MessageChannel] Error: (msgtype=0x530005,name=PHttpChannel::Msg_Cancel) Closed channel: cannot send/recv


###!!! [Child][MessageChannel] Error: (msgtype=0x53000D,name=PHttpChannel::Msg_RemoveCorsPreflightCacheEntry) Closed channel: cannot send/recv


###!!! [Child][MessageChannel] Error: (msgtype=0x530005,name=PHttpChannel::Msg_Cancel) Closed channel: cannot send/recv

JavaScript error: resource://devtools/client/framework/toolbox.js, line 1715: TypeError: currentPanel is undefined
console.error: "Error while calling actor 'pagestyle's method 'getLayout'" "node is null"
console.error: "getLayout@resource://devtools/server/actors/styles.js:914:5\nhandler@resource://devtools/shared/protocol.js:1221:37\nonPacket@resource://devtools/server/main.js:1395:58\nreceiveMessage@resource://devtools/shared/transport/child-transport.js:66:16\n"
console.error: "Error: Can not send request because front 'domnode' is already destroyed.: generateRequestMethods/</frontProto[name]@resource://devtools/shared/protocol.js:1547:15\nupdateSelectionCssSelector@resource://devtools/client/inspector/inspector.js:1402:32\nonNewSelection@resource://devtools/client/inspector/inspector.js:1473:10\nemit@resource://devtools/shared/event-emitter.js:190:24\nemit@resource://devtools/shared/event-emitter.js:271:18\nsetNodeFront@resource://devtools/client/framework/selection.js:156:10\nonDetached@resource://devtools/client/inspector/inspector.js:1550:20\nemit@resource://devtools/shared/event-emitter.js:190:24\nemit@resource://devtools/shared/event-emitter.js:271:18\n_onMutations@resource://devtools/client/framework/selection.js:105:12\nemit@resource://devtools/shared/event-emitter.js:190:24\nemit@resource://devtools/shared/event-emitter.js:271:18\ngetMutations/<@resource://devtools/shared/fronts/inspector.js:428:12\n"
Error: Can not send request because front 'domnode' is already destroyed.: generateRequestMethods/</frontProto[name]@resource://devtools/shared/protocol.js:1547:15
updateSelectionCssSelector@resource://devtools/client/inspector/inspector.js:1402:32
onNewSelection@resource://devtools/client/inspector/inspector.js:1473:10
emit@resource://devtools/shared/event-emitter.js:190:24
emit@resource://devtools/shared/event-emitter.js:271:18
setNodeFront@resource://devtools/client/framework/selection.js:156:10
onDetached@resource://devtools/client/inspector/inspector.js:1550:20
emit@resource://devtools/shared/event-emitter.js:190:24
emit@resource://devtools/shared/event-emitter.js:271:18
_onMutations@resource://devtools/client/framework/selection.js:105:12
emit@resource://devtools/shared/event-emitter.js:190:24
emit@resource://devtools/shared/event-emitter.js:271:18
getMutations/<@resource://devtools/shared/fronts/inspector.js:428:12

console.error: "Protocol error (unknownError): node is null"
JavaScript error: https://www.instagram.com/static/bundles/metro/DirectMQTT.js/0cf43b7ddcbc.js, line 14: Error: Publish Timed Out
JavaScript error: https://www.instagram.com/static/bundles/metro/DirectMQTT.js/0cf43b7ddcbc.js, line 14: Error: Publish Timed Out
JavaScript error: https://www.instagram.com/static/bundles/metro/DirectMQTT.js/0cf43b7ddcbc.js, line 14: Error: Publish Timed Out
JavaScript error: https://www.instagram.com/static/bundles/metro/DirectMQTT.js/0cf43b7ddcbc.js, line 14: Error: Publish Timed Out
JavaScript error: https://www.instagram.com/static/bundles/metro/DirectMQTT.js/0cf43b7ddcbc.js, line 14: Error: Publish Timed Out
JavaScript error: https://www.instagram.com/static/bundles/metro/DirectMQTT.js/0cf43b7ddcbc.js, line 14: Error: Publish Timed Out
JavaScript error: https://www.instagram.com/static/bundles/metro/DirectMQTT.js/0cf43b7ddcbc.js, line 14: Error: Publish Timed Out
JavaScript error: https://www.instagram.com/static/bundles/metro/DirectMQTT.js/0cf43b7ddcbc.js, line 14: Error: Publish Timed Out
console.error: "Error: Can not send request because front 'domnode' is already destroyed.: generateRequestMethods/</frontProto[name]@resource://devtools/shared/protocol.js:1547:15\nupdateSelectionCssSelector@resource://devtools/client/inspector/inspector.js:1402:32\nonNewSelection@resource://devtools/client/inspector/inspector.js:1473:10\nemit@resource://devtools/shared/event-emitter.js:190:24\nemit@resource://devtools/shared/event-emitter.js:271:18\nsetNodeFront@resource://devtools/client/framework/selection.js:156:10\nonDetached@resource://devtools/client/inspector/inspector.js:1550:20\nemit@resource://devtools/shared/event-emitter.js:190:24\nemit@resource://devtools/shared/event-emitter.js:271:18\n_onMutations@resource://devtools/client/framework/selection.js:105:12\nemit@resource://devtools/shared/event-emitter.js:190:24\nemit@resource://devtools/shared/event-emitter.js:271:18\ngetMutations/<@resource://devtools/shared/fronts/inspector.js:428:12\n"
Error: Can not send request because front 'domnode' is already destroyed.: generateRequestMethods/</frontProto[name]@resource://devtools/shared/protocol.js:1547:15
updateSelectionCssSelector@resource://devtools/client/inspector/inspector.js:1402:32
onNewSelection@resource://devtools/client/inspector/inspector.js:1473:10
emit@resource://devtools/shared/event-emitter.js:190:24
emit@resource://devtools/shared/event-emitter.js:271:18
setNodeFront@resource://devtools/client/framework/selection.js:156:10
onDetached@resource://devtools/client/inspector/inspector.js:1550:20
emit@resource://devtools/shared/event-emitter.js:190:24
emit@resource://devtools/shared/event-emitter.js:271:18
_onMutations@resource://devtools/client/framework/selection.js:105:12
emit@resource://devtools/shared/event-emitter.js:190:24
emit@resource://devtools/shared/event-emitter.js:271:18
getMutations/<@resource://devtools/shared/fronts/inspector.js:428:12

console.error: "Error while calling actor 'pagestyle's method 'getLayout'" "node is null"
console.error: "getLayout@resource://devtools/server/actors/styles.js:914:5\nhandler@resource://devtools/shared/protocol.js:1221:37\nonPacket@resource://devtools/server/main.js:1395:58\nreceiveMessage@resource://devtools/shared/transport/child-transport.js:66:16\n"
console.error: "Protocol error (unknownError): node is null"
console.warn: "Error while detaching the thread front: 'detach' request packet to 'server1.conn0.child1/context18' can't be sent as the connection is closed."
